<?xml version="1.0" encoding="UTF-8"?>
<!-- Generated by org.testng.reporters.JUnitXMLReporter -->
<testsuite ignored="0" hostname="DESKTOP-5U4E5L3" failures="0" tests="4" name="Test" time="0.148" errors="0" timestamp="2024-04-15T21:48:32 IST">
  <testcase classname="qaclickacademy.Mavenjava.RESTAPITest" name="deleteTwitter" time="0.016"/>
  <testcase classname="qaclickacademy.Mavenjava.RESTAPITest" name="postJira" time="0.003"/>
  <testcase classname="qaclickacademy.Mavenjava.SeleniumTest" name="browserAutomation" time="0.004"/>
  <testcase classname="qaclickacademy.Mavenjava.SeleniumTest" name="elsementui" time="0.01"/>
</testsuite> <!-- Test -->
