<?xml version="1.0" encoding="UTF-8"?>
<testng-results ignored="0" total="6" passed="6" failed="0" skipped="0">
  <reporter-output>
  </reporter-output>
  <suite started-at="2024-03-28T02:34:25 IST" name="Suite" finished-at="2024-03-28T02:34:25 IST" duration-ms="159">
    <groups>
    </groups>
    <test started-at="2024-03-28T02:34:25 IST" name="Test" finished-at="2024-03-28T02:34:25 IST" duration-ms="159">
      <class name="qaclickacademy.Mavenjava.AppiumTest">
        <test-method signature="iosApps()[pri:0, instance:qaclickacademy.Mavenjava.AppiumTest@25084a1e]" started-at="2024-03-28T02:34:25 IST" name="iosApps" finished-at="2024-03-28T02:34:25 IST" duration-ms="1" status="PASS">
          <reporter-output>
          </reporter-output>
        </test-method> <!-- iosApps -->
        <test-method signature="nativeAppAndroid()[pri:0, instance:qaclickacademy.Mavenjava.AppiumTest@25084a1e]" started-at="2024-03-28T02:34:25 IST" name="nativeAppAndroid" finished-at="2024-03-28T02:34:25 IST" duration-ms="0" status="PASS">
          <reporter-output>
          </reporter-output>
        </test-method> <!-- nativeAppAndroid -->
      </class> <!-- qaclickacademy.Mavenjava.AppiumTest -->
      <class name="qaclickacademy.Mavenjava.RESTAPITest">
        <test-method signature="deleteTwitter()[pri:0, instance:qaclickacademy.Mavenjava.RESTAPITest@28f3b248]" started-at="2024-03-28T02:34:25 IST" name="deleteTwitter" finished-at="2024-03-28T02:34:25 IST" duration-ms="13" status="PASS">
          <reporter-output>
          </reporter-output>
        </test-method> <!-- deleteTwitter -->
        <test-method signature="postJira()[pri:0, instance:qaclickacademy.Mavenjava.RESTAPITest@28f3b248]" started-at="2024-03-28T02:34:25 IST" name="postJira" finished-at="2024-03-28T02:34:25 IST" duration-ms="1" status="PASS">
          <reporter-output>
          </reporter-output>
        </test-method> <!-- postJira -->
      </class> <!-- qaclickacademy.Mavenjava.RESTAPITest -->
      <class name="qaclickacademy.Mavenjava.SeleniumTest">
        <test-method signature="browserAutomation()[pri:0, instance:qaclickacademy.Mavenjava.SeleniumTest@156b88f5]" started-at="2024-03-28T02:34:25 IST" name="browserAutomation" finished-at="2024-03-28T02:34:25 IST" duration-ms="0" status="PASS">
          <reporter-output>
          </reporter-output>
        </test-method> <!-- browserAutomation -->
        <test-method signature="elsementui()[pri:0, instance:qaclickacademy.Mavenjava.SeleniumTest@156b88f5]" started-at="2024-03-28T02:34:25 IST" name="elsementui" finished-at="2024-03-28T02:34:25 IST" duration-ms="5" status="PASS">
          <reporter-output>
          </reporter-output>
        </test-method> <!-- elsementui -->
      </class> <!-- qaclickacademy.Mavenjava.SeleniumTest -->
    </test> <!-- Test -->
  </suite> <!-- Suite -->
</testng-results>
