<?xml version="1.0" encoding="UTF-8"?>
<testng-results ignored="0" total="4" passed="4" failed="0" skipped="0">
  <reporter-output>
  </reporter-output>
  <suite started-at="2024-04-15T21:48:32 IST" name="Suite" finished-at="2024-04-15T21:48:32 IST" duration-ms="148">
    <groups>
    </groups>
    <test started-at="2024-04-15T21:48:32 IST" name="Test" finished-at="2024-04-15T21:48:32 IST" duration-ms="148">
      <class name="qaclickacademy.Mavenjava.RESTAPITest">
        <test-method signature="deleteTwitter()[pri:0, instance:qaclickacademy.Mavenjava.RESTAPITest@8f2ef19]" started-at="2024-04-15T21:48:32 IST" name="deleteTwitter" finished-at="2024-04-15T21:48:32 IST" duration-ms="16" status="PASS">
          <reporter-output>
          </reporter-output>
        </test-method> <!-- deleteTwitter -->
        <test-method signature="postJira()[pri:0, instance:qaclickacademy.Mavenjava.RESTAPITest@8f2ef19]" started-at="2024-04-15T21:48:32 IST" name="postJira" finished-at="2024-04-15T21:48:32 IST" duration-ms="3" status="PASS">
          <reporter-output>
          </reporter-output>
        </test-method> <!-- postJira -->
      </class> <!-- qaclickacademy.Mavenjava.RESTAPITest -->
      <class name="qaclickacademy.Mavenjava.SeleniumTest">
        <test-method signature="browserAutomation()[pri:0, instance:qaclickacademy.Mavenjava.SeleniumTest@3b0fe47a]" started-at="2024-04-15T21:48:32 IST" name="browserAutomation" finished-at="2024-04-15T21:48:32 IST" duration-ms="4" status="PASS">
          <reporter-output>
          </reporter-output>
        </test-method> <!-- browserAutomation -->
        <test-method signature="elsementui()[pri:0, instance:qaclickacademy.Mavenjava.SeleniumTest@3b0fe47a]" started-at="2024-04-15T21:48:32 IST" name="elsementui" finished-at="2024-04-15T21:48:32 IST" duration-ms="10" status="PASS">
          <reporter-output>
          </reporter-output>
        </test-method> <!-- elsementui -->
      </class> <!-- qaclickacademy.Mavenjava.SeleniumTest -->
    </test> <!-- Test -->
  </suite> <!-- Suite -->
</testng-results>
